# JRE version: OpenJDK Runtime Environment Zulu11.62+17-CA (11.0.18+10) (build 11.0.18+10-LTS)
# Java VM: OpenJDK 64-Bit Server VM Zulu11.62+17-CA (11.0.18+10-LTS, mixed mode, tiered, compressed oops, g1 gc, bsd-aarch64)
Heap:
 garbage-first heap   total 266240K, used 78036K [0x0000000780000000, 0x00000007c0000000)
  region size 1024K, 1 young (1024K), 0 survivors (0K)
 Metaspace       used 16672K, capacity 17166K, committed 17280K, reserved 1064960K
  class space    used 2187K, capacity 2390K, committed 2432K, reserved 1048576K
GC Heap History (20 events):
Event: 408.613 GC heap before
{Heap before GC invocations=47 (full 22):
 garbage-first heap   total 266240K, used 78944K [0x0000000780000000, 0x00000007c0000000)
  region size 1024K, 1 young (1024K), 0 survivors (0K)
 Metaspace       used 16678K, capacity 17176K, committed 17280K, reserved 1064960K
  class space    used 2189K, capacity 2393K, committed 2432K, reserved 1048576K
}
Event: 408.645 GC heap after
{Heap after GC invocations=48 (full 23):
 garbage-first heap   total 266240K, used 78862K [0x0000000780000000, 0x00000007c0000000)
  region size 1024K, 0 young (0K), 0 survivors (0K)
 Metaspace       used 16678K, capacity 17176K, committed 17280K, reserved 1064960K
  class space    used 2189K, capacity 2393K, committed 2432K, reserved 1048576K
}
Event: 409.956 GC heap before
{Heap before GC invocations=48 (full 23):
 garbage-first heap   total 266240K, used 78862K [0x0000000780000000, 0x00000007c0000000)
  region size 1024K, 1 young (1024K), 0 survivors (0K)
 Metaspace       used 16678K, capacity 17176K, committed 17280K, reserved 1064960K
  class space    used 2189K, capacity 2393K, committed 2432K, reserved 1048576K
}
Event: 410.029 GC heap after
{Heap after GC invocations=49 (full 24):
 garbage-first heap   total 266240K, used 78861K [0x0000000780000000, 0x00000007c0000000)
  region size 1024K, 0 young (0K), 0 survivors (0K)
 Metaspace       used 16678K, capacity 17176K, committed 17280K, reserved 1064960K
  class space    used 2189K, capacity 2393K, committed 2432K, reserved 1048576K
}
Event: 529.810 GC heap before
{Heap before GC invocations=49 (full 24):
 garbage-first heap   total 266240K, used 113677K [0x0000000780000000, 0x00000007c0000000)
  region size 1024K, 35 young (35840K), 0 survivors (0K)
 Metaspace       used 16679K, capacity 17177K, committed 17280K, reserved 1064960K
  class space    used 2189K, capacity 2393K, committed 2432K, reserved 1048576K
}
Event: 529.847 GC heap after
{Heap after GC invocations=50 (full 25):
 garbage-first heap   total 266240K, used 78863K [0x0000000780000000, 0x00000007c0000000)
  region size 1024K, 0 young (0K), 0 survivors (0K)
 Metaspace       used 16679K, capacity 17177K, committed 17280K, reserved 1064960K
  class space    used 2189K, capacity 2393K, committed 2432K, reserved 1048576K
}
Event: 529.896 GC heap before
{Heap before GC invocations=50 (full 25):
 garbage-first heap   total 266240K, used 78863K [0x0000000780000000, 0x00000007c0000000)
  region size 1024K, 1 young (1024K), 0 survivors (0K)
 Metaspace       used 16679K, capacity 17177K, committed 17280K, reserved 1064960K
  class space    used 2189K, capacity 2393K, committed 2432K, reserved 1048576K
}
Event: 529.926 GC heap after
{Heap after GC invocations=51 (full 26):
 garbage-first heap   total 266240K, used 78863K [0x0000000780000000, 0x00000007c0000000)
  region size 1024K, 0 young (0K), 0 survivors (0K)
 Metaspace       used 16679K, capacity 17177K, committed 17280K, reserved 1064960K
  class space    used 2189K, capacity 2393K, committed 2432K, reserved 1048576K
}
Event: 530.242 GC heap before
{Heap before GC invocations=51 (full 26):
 garbage-first heap   total 266240K, used 78863K [0x0000000780000000, 0x00000007c0000000)
  region size 1024K, 1 young (1024K), 0 survivors (0K)
 Metaspace       used 16679K, capacity 17177K, committed 17280K, reserved 1064960K
  class space    used 2189K, capacity 2393K, committed 2432K, reserved 1048576K
}
Event: 530.366 GC heap after
{Heap after GC invocations=52 (full 27):
 garbage-first heap   total 266240K, used 78863K [0x0000000780000000, 0x00000007c0000000)
  region size 1024K, 0 young (0K), 0 survivors (0K)
 Metaspace       used 16679K, capacity 17177K, committed 17280K, reserved 1064960K
  class space    used 2189K, capacity 2393K, committed 2432K, reserved 1048576K
}
Event: 1053.944 GC heap before
{Heap before GC invocations=52 (full 27):
 garbage-first heap   total 266240K, used 119823K [0x0000000780000000, 0x00000007c0000000)
  region size 1024K, 41 young (41984K), 0 survivors (0K)
 Metaspace       used 16679K, capacity 17177K, committed 17280K, reserved 1064960K
  class space    used 2189K, capacity 2393K, committed 2432K, reserved 1048576K
}
Event: 1053.994 GC heap after
{Heap after GC invocations=53 (full 28):
 garbage-first heap   total 266240K, used 78949K [0x0000000780000000, 0x00000007c0000000)
  region size 1024K, 0 young (0K), 0 survivors (0K)
 Metaspace       used 16679K, capacity 17177K, committed 17280K, reserved 1064960K
  class space    used 2189K, capacity 2393K, committed 2432K, reserved 1048576K
}
Event: 1054.054 GC heap before
{Heap before GC invocations=53 (full 28):
 garbage-first heap   total 266240K, used 78949K [0x0000000780000000, 0x00000007c0000000)
  region size 1024K, 1 young (1024K), 0 survivors (0K)
 Metaspace       used 16679K, capacity 17177K, committed 17280K, reserved 1064960K
  class space    used 2189K, capacity 2393K, committed 2432K, reserved 1048576K
}
Event: 1054.103 GC heap after
{Heap after GC invocations=54 (full 29):
 garbage-first heap   total 266240K, used 78036K [0x0000000780000000, 0x00000007c0000000)
  region size 1024K, 0 young (0K), 0 survivors (0K)
 Metaspace       used 16672K, capacity 17166K, committed 17280K, reserved 1064960K
  class space    used 2187K, capacity 2390K, committed 2432K, reserved 1048576K
}
Event: 1054.143 GC heap before
{Heap before GC invocations=54 (full 29):
 garbage-first heap   total 266240K, used 78036K [0x0000000780000000, 0x00000007c0000000)
  region size 1024K, 1 young (1024K), 0 survivors (0K)
 Metaspace       used 16672K, capacity 17166K, committed 17280K, reserved 1064960K
  class space    used 2187K, capacity 2390K, committed 2432K, reserved 1048576K
}
Event: 1054.177 GC heap after
{Heap after GC invocations=55 (full 30):
 garbage-first heap   total 266240K, used 78036K [0x0000000780000000, 0x00000007c0000000)
  region size 1024K, 0 young (0K), 0 survivors (0K)
 Metaspace       used 16672K, capacity 17166K, committed 17280K, reserved 1064960K
  class space    used 2187K, capacity 2390K, committed 2432K, reserved 1048576K
}
Event: 1055.209 GC heap before
{Heap before GC invocations=55 (full 30):
 garbage-first heap   total 266240K, used 78036K [0x0000000780000000, 0x00000007c0000000)
  region size 1024K, 1 young (1024K), 0 survivors (0K)
 Metaspace       used 16672K, capacity 17166K, committed 17280K, reserved 1064960K
  class space    used 2187K, capacity 2390K, committed 2432K, reserved 1048576K
}
Event: 1055.237 GC heap after
{Heap after GC invocations=56 (full 31):
 garbage-first heap   total 266240K, used 78036K [0x0000000780000000, 0x00000007c0000000)
  region size 1024K, 0 young (0K), 0 survivors (0K)
 Metaspace       used 16672K, capacity 17166K, committed 17280K, reserved 1064960K
  class space    used 2187K, capacity 2390K, committed 2432K, reserved 1048576K
}
Event: 1055.575 GC heap before
{Heap before GC invocations=56 (full 31):
 garbage-first heap   total 266240K, used 78036K [0x0000000780000000, 0x00000007c0000000)
  region size 1024K, 1 young (1024K), 0 survivors (0K)
 Metaspace       used 16672K, capacity 17166K, committed 17280K, reserved 1064960K
  class space    used 2187K, capacity 2390K, committed 2432K, reserved 1048576K
}
Event: 1055.671 GC heap after
{Heap after GC invocations=57 (full 32):
 garbage-first heap   total 266240K, used 78036K [0x0000000780000000, 0x00000007c0000000)
  region size 1024K, 0 young (0K), 0 survivors (0K)
 Metaspace       used 16672K, capacity 17166K, committed 17280K, reserved 1064960K
  class space    used 2187K, capacity 2390K, committed 2432K, reserved 1048576K
}

